
<--- Last few GCs --->



<--- Last few GCs --->
<--- Last few GCs --->
[29268:00000256C3D00000]      759 ms: Scavenge 8.9 (11.5) -> 7.6 (11.4) MB, pooled: 0 MB, 1.67 / 0.00 ms  (average mu = 1.000, current mu = 1.000) allocation failure; 


[29268:00000256C3D00000]     1060 ms: Scavenge 9.7 (12.7) -> 9.0 (17.4) MB, pooled: 0 MB, 1.73 / 0.00 ms  (average mu = 1.000, current mu = 1.000) allocation failure; 
[26272:000001CD129E0000]      906 ms: Scavenge 8.9 (11.5) -> 7.6 (11.2) MB, pooled: 0 MB, 1.81 / 0.00 ms  (average mu = 1.000, current mu = 1.000) allocation failure; 
[9976:00000222F0B40000]     1006 ms: Scavenge 8.9 (11.5) -> 7.6 (11.2) MB, pooled: 0 MB, 1.92 / 0.00 ms  (average mu = 1.000, current mu = 1.000) allocation failure; 

[26272:000001CD129E0000]     1153 ms: Scavenge 9.7 (12.7) -> 9.0 (17.2) MB, pooled: 0 MB, 4.42 / 0.00 ms  (average mu = 1.000, current mu = 1.000) allocation failure; 
[9976:00000222F0B40000]     1558 ms: Scavenge 9.7 (12.4) -> 9.0 (13.4) MB, pooled: 1 MB, 204.53 / 0.00 ms  (average mu = 1.000, current mu = 1.000) allocation failure; 
FATAL ERROR: Zone Allocation failed - process out of memory


----- Native stack trace -----
FATAL ERROR: Zone Allocation failed - process out of memory
FATAL ERROR: Zone Allocation failed - process out of memory

----- Native stack trace -----
----- Native stack trace -----
 1: 00007FF68AAA403F 


 2: 00007FF68B6EFAA7 
 1: 00007FF68AAA403F 
 3: 00007FF68B069986 

 2: 00007FF68B6EFAA7 
<--- Last few GCs --->
 3: 00007FF68B069986 
 4: 00007FF68AC62041 

 5: 00007FF68B4006B5 
 4: 00007FF68AE8D8C7 
[9976:00000222F0B40000]     1006 ms: Scavenge 8.9 (11.5) -> 7.6 (11.2) MB, pooled: 0 MB, 1.92 / 0.00 ms  (average mu = 1.000, current mu = 1.000) allocation failure; 
 6: 00007FF68B40EE97 
 5: 00007FF68AE95E2E 
[9976:00000222F0B40000]     1558 ms: Scavenge 9.7 (12.4) -> 9.0 (13.4) MB, pooled: 1 MB, 204.53 / 0.00 ms  (average mu = 1.000, current mu = 1.000) allocation failure; 
 7: 00007FF68B3F6F6D 
 6: 00007FF68AE95BA3 

 8: 00007FF68B3E4425 
 7: 00007FF68AEF90D4 
FATAL ERROR: Zone Allocation failed - process out of memory
 9: 00007FF68B3E269B 
 8: 00007FF68AEF8D07 
----- Native stack trace -----
10: 00007FF68B3E2A20 
 9: 00007FF68AEF79AE 

11: 00007FF68B3E460A 
10: 00007FF68AEF52E3 
 1: 00007FF68AAA403F 
12: 00007FF68B3E1C3B 
11: 00007FF68AECAB0B 
 2: 00007FF68B6EFAA7 
13: 00007FF68B3E10AF 
12: 00007FF68AECA6E2 
 3: 00007FF68B069986 
14: 00007FF68B3DF743 
13: 00007FF68AECC695 
 4: 00007FF68B6D6AC6 
15: 00007FF68B3D6B66 
14: 00007FF68AECBB3E 
 5: 00007FF68B6D6EC7 
16: 00007FF68B67483F 





15: 00007FF68AEDF0A1 


 6: 00007FF68B197893 
17: 00007FF68B66B158 
<--- Last few GCs --->
<--- Last few GCs --->

<--- Last few GCs --->
<--- Last few GCs --->
16: 00007FF68AEB3F05 
<--- Last few GCs --->
<--- Last few GCs --->
 7: 00007FF68B1B4D6F 
18: 00007FF68B66A97D 


#


17: 00007FF68AECF632 


 8: 00007FF68B19B385 
19: 00007FF68B66B41C 
[32348:000001E2607F3000]      550 ms: Scavenge 8.9 (11.5) -> 7.6 (11.2) MB, pooled: 0 MB, 1.82 / 0.00 ms  (average mu = 1.000, current mu = 1.000) allocation failure; 
[26896:0000019C08F00000]      623 ms: Scavenge 8.9 (11.5) -> 7.5 (11.2) MB, pooled: 0 MB, 1.97 / 0.00 ms  (average mu = 1.000, current mu = 1.000) allocation failure; 
# Fatal process out of memory: Worklist::Segment::Create
[25572:0000022A670B8000]       31 ms: Scavenge 4.1 (6.2) -> 3.7 (6.2) MB, pooled: 0 MB, 1.08 / 0.00 ms  (average mu = 1.000, current mu = 1.000) allocation failure; 
[7928:0000024E3DE20000]      524 ms: Scavenge 8.9 (11.7) -> 7.5 (11.4) MB, pooled: 0 MB, 1.87 / 0.00 ms  (average mu = 1.000, current mu = 1.000) allocation failure; 
18: 00007FF68AEE0CF6 
[26144:000001EAFDB60000]      677 ms: Scavenge 8.9 (11.5) -> 7.7 (11.4) MB, pooled: 0 MB, 130.78 / 0.00 ms  (average mu = 1.000, current mu = 1.000) allocation failure; 
[8176:0000020E2DEF0000]      507 ms: Scavenge 8.9 (11.5) -> 7.5 (11.4) MB, pooled: 0 MB, 1.15 / 0.00 ms  (average mu = 1.000, current mu = 1.000) allocation failure; 
 9: 00007FF68B1B1F62 
20: 00007FF68B0EDA4B 
[32348:000001E2607F3000]      575 ms: Scavenge 9.7 (12.7) -> 9.0 (17.4) MB, pooled: 0 MB, 1.23 / 0.00 ms  (average mu = 1.000, current mu = 1.000) allocation failure; 

#

[7928:0000024E3DE20000]      559 ms: Scavenge 9.7 (12.7) -> 9.1 (17.7) MB, pooled: 0 MB, 1.54 / 0.00 ms  (average mu = 1.000, current mu = 1.000) allocation failure; 
19: 00007FF68AEE1AF7 
[26144:000001EAFDB60000]      835 ms: Scavenge 9.6 (12.7) -> 9.0 (17.2) MB, pooled: 0 MB, 3.73 / 0.00 ms  (average mu = 1.000, current mu = 1.000) allocation failure; 
[8176:0000020E2DEF0000]      860 ms: Scavenge 9.0 (12.2) -> 8.4 (12.9) MB, pooled: 0 MB, 24.87 / 0.00 ms  (average mu = 1.000, current mu = 1.000) allocation failure; 
10: 00007FF68B1B0683 
21: 00000256FC3F75FA 

FATAL ERROR: Zone Allocation failed - process out of memory
----- Native stack trace -----
FATAL ERROR: NewSpace::EnsureCurrentCapacity Allocation failed - JavaScript heap out of memory

20: 00007FF68AEF5ECA 


11: 00007FF68B1AB66B 
FATAL ERROR: Zone Allocation failed - process out of memory
----- Native stack trace -----

----- Native stack trace -----
21: 00007FF68AECAB0B 
FATAL ERROR: Zone Allocation failed - process out of memory
FATAL ERROR: MarkCompactCollector: young object promotion failed Allocation failed - JavaScript heap out of memory
FATAL ERROR: Committing semi space failed. Allocation failed - JavaScript heap out of memory
12: 00007FF68B1AA83E 
----- Native stack trace -----

 1: 00007FF68A9F6F4D 

22: 00007FF68AF42C76 
----- Native stack trace -----
----- Native stack trace -----
----- Native stack trace -----
13: 00007FF68B1AB0A6 

 1: 00007FF68AAA403F 
 2: 00007FF68BE5DAC6 
 1: 00007FF68AAA403F 
23: 00007FF68AF41990 



14: 00007FF68B1AA884 
 1: 00007FF68AAA403F 
 2: 00007FF68B6EFAA7 
 3: 00007FF68ABBC45E 
 2: 00007FF68B6EFAA7 
24: 00007FF68AF3F78A 
 1: 00007FF68AAA403F 

 1: 00007FF68AAA403F 
15: 00007FF68B1B0204 
 2: 00007FF68B6EFAA7 
 3: 00007FF68B069986 
 4: 00007FF68B4CB358 
 3: 00007FF68B4F04D7 
25: 00007FF68B66376F 
 2: 00007FF68B6EFAA7 
<--- Last few GCs --->
 2: 00007FF68B6EFAA7 
16: 00007FF68B1BB61F 
 3: 00007FF68B069986 
 4: 00007FF68B6D6AC6 
 5: 00007FF68B4F87DE 
 4: 00007FF68B4B0F73 
26: 00007FF68AF4126B 
 3: 00007FF68B069986 

 3: 00007FF68B4F04D7 
17: 00007FF68B1A4DEB 
 4: 00007FF68C08F9D0 
 5: 00007FF68B6D6EC7 
 6: 00007FF68B4F8531 
 5: 00007FF68B4F28DA 
27: 00007FF68BED0C5F 
 4: 00007FF68AE93898 
[26144:000001EAFDB60000]      677 ms: Scavenge 8.9 (11.5) -> 7.7 (11.4) MB, pooled: 0 MB, 130.78 / 0.00 ms  (average mu = 1.000, current mu = 1.000) allocation failure; 
 4: 00007FF68B488EFB 
18: 00007FF68B1A42EA 
 5: 00007FF68BEA8ED9 
 6: 00007FF68B17993E 
 7: 00007FF68B4B15B9 
 6: 00007FF68B4F1F06 
28: 00007FF68A9F2E0E 
 5: 00007FF68AE8DD74 
[26144:000001EAFDB60000]      835 ms: Scavenge 9.6 (12.7) -> 9.0 (17.2) MB, pooled: 0 MB, 3.73 / 0.00 ms  (average mu = 1.000, current mu = 1.000) allocation failure; 
 5: 00007FF68B46094E 
19: 00007FF68B1979E7 
 6: 00007FF68AF61B46 
 7: 00007FF68B17AF8C 
 8: 00007FF68B4A9B56 
 7: 00007FF68B502E52 
29: 00007FF68B744A36 
 6: 00007FF68AE95E2E 

 6: 00007FF68B4F2F72 
20: 00007FF68B196BB4 
 7: 00007FF68AF3F43F 
 8: 00007FF68B18446B 
 9: 00007FF68B4A9508 
 8: 00007FF68B50297B 
30: 00007FF68C9A5A73 
 7: 00007FF68AE95BA3 
FATAL ERROR: MarkCompactCollector: young object promotion failed Allocation failed - JavaScript heap out of memory
 7: 00007FF68B4F1F27 
21: 00007FF68B195EA2 
 8: 00007FF68B66BDF3 
 9: 00007FF68B182490 
10: 00007FF68B4F28DA 
 9: 00007FF68C98A2AD 
31: 00007FFF63AF7374 
 8: 00007FF68AEF85F4 
----- Native stack trace -----
 8: 00007FF68B502E52 
22: 00007FF68B195B4A 
 9: 00007FF68B66DECA 
10: 00007FF68B181BAD 
10: 00007FF68B0EFF01 
10: 00007FF68B4EDFA0 
32: 00007FFF6463CC91 
 9: 00007FF68AEF8EF0 

 9: 00007FF68B50297B 
23: 00007FF68B191179 
11: 00007FF68B4F1F06 
11: 00007FF68B184AA2 
12: 00007FF68B502E52 
11: 00007FF68B571CD9 
10: 00007FF68AEF7DEB 
 1: 00007FF68AAA403F 
10: 00007FF68C98A2AD 
24: 00007FF68B66D4EF 
11: 00007FF68B0EDFFF 
12: 00007FF68B1850A1 
13: 00007FF68B50297B 
12: 00007FF68B0E62F2 
11: 00007FF68AEF5107 
 2: 00007FF68B6EFAA7 
11: 00007FF68B4EDFA0 
13: 00007FF68B180201 
12: 000001E21FE775FA 
25: 00007FF68B6702F1 
14: 00007FF68C98A2AD 
13: 0000022A3FE775FA 
12: 00007FF68AECAB0B 
 3: 00007FF68B4F04D7 
12: 00007FF68B5088BE 
26: 00007FF68B6F8F63 
14: 00007FF68B17E0D5 
15: 00007FF68B4EDFA0 
13: 00007FF68AF42C76 
 4: 00007FF68B4CFDEE 
13: 00007FF68B514648 
27: 00007FF68AAC1563 
15: 00007FF68B18266B 
16: 00007FF68B5087EA 
14: 00007FF68AF41990 
 5: 00007FF68B4C54AD 
14: 00007FF68B52F854 
28: 00007FF68AABFD0E 
16: 00007FF68B181B33 
17: 00007FF68B51F0C6 
15: 00007FF68AF3F78A 
 6: 00007FF68B4C515C 
15: 00007FF68B52F72C 
29: 00000222AFDCF64D 
17: 00007FF68B1815D4 
18: 00007FF68B22A518 
16: 00007FF68B66376F 
 7: 00007FF68B4C4DA1 
16: 00007FF68B516829 
18: 00007FF68B17DACB 
19: 00007FF68B22B02F 
17: 00007FF68AF4126B 
 8: 00007FF68B4D7298 
17: 00007FF68B516992 
19: 00007FF68B1826DA 
20: 00007FF68B2279B4 
18: 00007FF68BED0C5F 
 9: 00007FF68BED0C5F 
18: 00007FF68B6EF8A2 
20: 00007FF68B181B33 
21: 00007FF68B2277FD 
19: 00007FF68A9F2E0E 
10: 00007FF68A9F2E0E 
19: 00007FF68AA7F4A0 
21: 00007FF68B18058A 
22: 00007FF68B22CC18 
20: 00007FF68B744A36 
11: 00007FF68B744A36 
20: 0000020E664CF64D 
22: 00007FF68B18C831 
23: 00007FF68B235813 
21: 00007FF68C9A5A73 
12: 00007FF68C9A5A73 
23: 00007FF68B17BE11 
24: 00007FF68B2194C1 
22: 00007FFF63AF7374 
13: 00007FFF63AF7374 
24: 00007FF68B17B37D 
25: 00007FF68B218CF9 
23: 00007FFF6463CC91 
14: 00007FFF6463CC91 
25: 00007FF68B18755B 
26: 00007FF68B295C1B 
26: 00007FF68B17BAF2 
27: 00007FF68B29F9C4 
27: 00007FF68B17B37D 
28: 00007FF68B0E3076 
28: 00007FF68B179AAB 
29: 00007FF68B0E1A13 
29: 00007FF68B178DE6 
30: 000001469FE775FA 
30: 00007FF68B1A3948 
31: 00007FF68B197960 
32: 00007FF68B1BBEE3 
33: 00007FF68B19C354 
34: 00007FF68B1A4DEB 
35: 00007FF68B1A42EA 
36: 00007FF68B1979E7 
37: 00007FF68B196BB4 
38: 00007FF68B195EA2 
39: 00007FF68B195B4A 
40: 00007FF68B191179 
41: 00007FF68B66D4EF 
42: 00007FF68B6702F1 
43: 00007FF68B6F8F63 
44: 00007FF68AAC1563 
45: 00007FF68AABFD0E 
46: 0000019C4154F64D 

<--- Last few GCs --->


[12800:000002BAE27B1000]      248 ms: Scavenge 8.9 (11.7) -> 7.6 (11.7) MB, pooled: 0 MB, 29.87 / 0.00 ms  (average mu = 1.000, current mu = 1.000) allocation failure; 
<--- Last few GCs --->


[13208:000001FE570D0000]      322 ms: Scavenge 8.9 (11.5) -> 7.5 (11.2) MB, pooled: 0 MB, 3.56 / 0.00 ms  (average mu = 1.000, current mu = 1.000) allocation failure; 
FATAL ERROR: Zone Allocation failed - process out of memory
[13208:000001FE570D0000]      342 ms: Mark-Compact 8.7 (11.9) -> 7.8 (13.2) MB, pooled: 0 MB, 7.19 / 0.00 ms  (average mu = 0.975, current mu = 0.975) background allocation failure; GC in old space requested
----- Native stack trace -----


FATAL ERROR: Zone Allocation failed - process out of memory
----- Native stack trace -----

 1: 00007FF68AAA403F 
 2: 00007FF68B6EFAA7 
 3: 00007FF68B069986 
 4: 00007FF68AF35B1E 
 5: 00007FF68AF34E53 
 6: 00007FF68AEEB8A2 
 7: 00007FF68AEF59F0 
 8: 00007FF68AEF3F93 
 9: 00007FF68AEF3D7B 
 1: 00007FF68AAA403F 
10: 00007FF68AECAB98 
 2: 00007FF68B6EFAA7 
11: 00007FF68AF42C76 

 3: 00007FF68B069986 
12: 00007FF68AF41990 
<--- Last few GCs --->
13: 00007FF68AF3F78A 

 4: 00007FF68B6D6AC6 
 5: 00007FF68B18D1D3 
14: 00007FF68B66376F 
[13680:000001FAB8874000]      404 ms: Scavenge 8.9 (11.5) -> 7.5 (11.2) MB, pooled: 0 MB, 4.85 / 0.00 ms  (average mu = 1.000, current mu = 1.000) allocation failure; 
15: 00007FF68AF4126B 
 6: 00007FF68B18A86E 
[13680:000001FAB8874000]      441 ms: Scavenge 9.7 (12.7) -> 9.1 (17.4) MB, pooled: 0 MB, 1.41 / 0.00 ms  (average mu = 1.000, current mu = 1.000) allocation failure; 
16: 00007FF68BED0C5F 

 7: 00007FF68B17BD53 
 8: 00007FF68B18D7DF 
17: 00007FF68A9F2E0E 
FATAL ERROR: Zone Allocation failed - process out of memory
 9: 00007FF68B18A86E 
18: 00007FF68B744A36 
----- Native stack trace -----
10: 00007FF68B17BD53 
19: 00007FF68C9A5A73 

11: 00007FF68B18C9A3 
20: 00007FFF63AF7374 
 1: 00007FF68AAA403F node::OnFatalError+1343
12: 00007FF68B17BE11 
21: 00007FFF6463CC91 
 2: 00007FF68B6EFAA7 v8::Function::NewInstance+423
13: 00007FF68B17B37D 
 3: 00007FF68B069986 v8::SnapshotCreator::GetIsolate+56566
14: 00007FF68B179AAB 
 4: 00007FF68AE9AD19 SSL_CTX_get_client_CA_list+40921
15: 00007FF68B178DE6 
 5: 00007FF68AF02DF6 SSL_CTX_get_client_CA_list+467126
16: 00007FF68B1A3948 
 6: 00007FF68AF0D6E4 SSL_CTX_get_client_CA_list+510372
17: 00007FF68B197960 
 7: 00007FF68AEA44F2 SSL_CTX_get_client_CA_list+79794
18: 00007FF68B1BBEE3 
 8: 00007FF68AEA43EB SSL_CTX_get_client_CA_list+79531
19: 00007FF68B19C354 
 9: 00007FF68AEC5677 SSL_CTX_get_client_CA_list+215351
10: 00007FF68AEF4FF3 SSL_CTX_get_client_CA_list+410291
20: 00007FF68B1A4DEB 
21: 00007FF68B1A42EA 
11: 00007FF68AECAB0B SSL_CTX_get_client_CA_list+237003
22: 00007FF68B1979E7 
12: 00007FF68AF42C76 SSL_CTX_get_client_CA_list+728886
23: 00007FF68B196BB4 
13: 00007FF68AF41990 SSL_CTX_get_client_CA_list+724048
24: 00007FF68B195EA2 

14: 00007FF68AF3F78A SSL_CTX_get_client_CA_list+715338
25: 00007FF68B195B4A 
15: 00007FF68B66376F EVP_MD_CTX_set_update_fn+200559
<--- Last few GCs --->
26: 00007FF68B191179 

27: 00007FF68B66D4EF 
16: 00007FF68AF4126B SSL_CTX_get_client_CA_list+722219
17: 00007FF68BED0C5F v8::platform::DefaultJobHandle::UpdatePriority+591
[20308:00000244E895D000]      116 ms: Scavenge 4.1 (6.2) -> 3.7 (6.2) MB, pooled: 0 MB, 10.48 / 0.00 ms  (average mu = 1.000, current mu = 1.000) allocation failure; 
28: 00007FF68B6702F1 
[20308:00000244E895D000]      309 ms: Scavenge 5.2 (7.2) -> 5.0 (9.9) MB, pooled: 0 MB, 124.17 / 0.00 ms  (average mu = 1.000, current mu = 1.000) allocation failure; 
29: 00007FF68B6F8F63 
18: 00007FF68A9F2E0E node::GetNodeReport+90430
19: 00007FF68B744A36 uv_thread_detach+150

30: 00007FF68AAC1563 
20: 00007FF68C9A5A73 v8::base::UnsignedDivisionByConstant<unsigned __int64>+2907235
31: 00007FF68AABFD0E 
FATAL ERROR: MarkCompactCollector: young object promotion failed Allocation failed - JavaScript heap out of memory
21: 00007FFF63AF7374 BaseThreadInitThunk+20
32: 000002BA9FDCF64D 
22: 00007FFF6463CC91 RtlUserThreadStart+33
----- Native stack trace -----

 1: 00007FF68AAA403F 
 2: 00007FF68B6EFAA7 
 3: 00007FF68B4F04D7 
 4: 00007FF68B4CFDEE 
 5: 00007FF68B4C54AD 
 6: 00007FF68B4C515C 
 7: 00007FF68B4C4DA1 
 8: 00007FF68B4D7298 
 9: 00007FF68BED0C5F 
10: 00007FF68A9F2E0E 
11: 00007FF68B744A36 
12: 00007FF68C9A5A73 
13: 00007FFF63AF7374 
14: 00007FFF6463CC91 


#
# Fatal process out of memory: Re-embedded builtins: set permissions
#
----- Native stack trace -----

 1: 00007FF68A9F6F4D 
 2: 00007FF68BE5DAC6 
 3: 00007FF68B6EFA86 
 4: 00007FF68B556DFE 
 5: 00007FF68B58A3FF 
 6: 00007FF68B58AEB2 
 7: 00007FF68B58B892 
 8: 00007FF68B087703 
 9: 00007FF68B71A946 
10: 00007FF68ABB3F3D 
11: 00007FF68A905243 
12: 00007FF68A9045D9 
13: 00007FF68A90DFC0 
14: 00007FF68B744A36 
15: 00007FF68C9A5A73 
16: 00007FFF63AF7374 
17: 00007FFF6463CC91 


#
# Fatal process out of memory: Re-embedded builtins: set permissions
#
----- Native stack trace -----

 1: 00007FF68A9F6F4D 
 2: 00007FF68BE5DAC6 
 3: 00007FF68B6EFA86 
 4: 00007FF68B556DFE 
 5: 00007FF68B58A3FF 
 6: 00007FF68B58AEB2 
 7: 00007FF68B58B892 
 8: 00007FF68B087703 
 9: 00007FF68B71A946 
10: 00007FF68ABB3F3D 
11: 00007FF68A905243 
12: 00007FF68A9045D9 
13: 00007FF68A90DFC0 
14: 00007FF68B744A36 
15: 00007FF68C9A5A73 
16: 00007FFF63AF7374 BaseThreadInitThunk+20
17: 00007FFF6463CC91 RtlUserThreadStart+33


#
# Fatal process out of memory: Re-embedded builtins: set permissions
#
----- Native stack trace -----

 1: 00007FF68A9F6F4D 
 2: 00007FF68BE5DAC6 
 3: 00007FF68B6EFA86 
 4: 00007FF68B556DFE 
 5: 00007FF68B58A3FF 
 6: 00007FF68B58AEB2 
 7: 00007FF68B58B892 
 8: 00007FF68B087703 
 9: 00007FF68B71A946 
10: 00007FF68ABB3F3D 
11: 00007FF68A905243 
12: 00007FF68A9045D9 
13: 00007FF68A90DFC0 
14: 00007FF68B744A36 
15: 00007FF68C9A5A73 
16: 00007FFF63AF7374 BaseThreadInitThunk+20
17: 00007FFF6463CC91 RtlUserThreadStart+33

<--- Last few GCs --->

[2468:000002155E210000]     1979 ms: Scavenge 8.9 (11.5) -> 7.6 (11.2) MB, pooled: 0 MB, 4.50 / 0.00 ms  (average mu = 1.000, current mu = 1.000) allocation failure; 
[2468:000002155E210000]     2432 ms: Scavenge 9.7 (12.4) -> 9.0 (17.4) MB, pooled: 0 MB, 2.20 / 0.00 ms  (average mu = 1.000, current mu = 1.000) allocation failure; 

FATAL ERROR: Zone Allocation failed - process out of memory
----- Native stack trace -----


 1: 00007FF68AAA403F 


<--- Last few GCs --->

 2: 00007FF68B6EFAA7 
<--- Last few GCs --->
<--- Last few GCs --->

<--- Last few GCs --->
 3: 00007FF68B069986 


[5096:000001EC36DB0000]     2944 ms: Scavenge 8.9 (12.2) -> 7.6 (11.7) MB, pooled: 0 MB, 1.65 / 0.00 ms  (average mu = 1.000, current mu = 1.000) allocation failure; 

 4: 00007FF68AC2AF8A 
[11240:000002A051A7D000]      973 ms: Scavenge 8.9 (11.5) -> 7.6 (11.2) MB, pooled: 0 MB, 21.27 / 0.00 ms  (average mu = 1.000, current mu = 1.000) allocation failure; 
[33328:000001C5FE5EE000]      435 ms: Scavenge 8.9 (11.5) -> 7.6 (11.4) MB, pooled: 0 MB, 1.59 / 0.00 ms  (average mu = 1.000, current mu = 1.000) allocation failure; 

[12000:0000025C7F133000]     1152 ms: Scavenge 8.9 (11.5) -> 7.6 (11.4) MB, pooled: 0 MB, 1.14 / 0.00 ms  (average mu = 1.000, current mu = 1.000) allocation failure; 
 5: 00007FF68C6DD98B 

[33328:000001C5FE5EE000]      659 ms: Scavenge 9.7 (12.4) -> 9.0 (17.7) MB, pooled: 0 MB, 8.10 / 0.00 ms  (average mu = 1.000, current mu = 1.000) allocation failure; 
[12000:0000025C7F133000]     1271 ms: Scavenge 9.0 (12.2) -> 8.5 (13.2) MB, pooled: 2 MB, 63.73 / 0.00 ms  (average mu = 1.000, current mu = 1.000) allocation failure; 
 6: 00007FF68C6DBDC0 

FATAL ERROR: Zone Allocation failed - process out of memory
FATAL ERROR: Zone Allocation failed - process out of memory

 7: 00007FF68C6DABCE 
FATAL ERROR: Zone Allocation failed - process out of memory
----- Native stack trace -----
----- Native stack trace -----
FATAL ERROR: Committing semi space failed. Allocation failed - JavaScript heap out of memory
 8: 00007FF68C6DA2ED 
----- Native stack trace -----


----- Native stack trace -----
 9: 00007FF68C6D9673 

 1: 00007FF68AAA403F 
 1: 00007FF68AAA403F 

10: 00007FF68C44D9E0 
 1: 00007FF68AAA403F 
 2: 00007FF68B6EFAA7 
 2: 00007FF68B6EFAA7 
 1: 00007FF68AAA403F 
11: 00007FF68C44D88E 
 2: 00007FF68B6EFAA7 
 3: 00007FF68B069986 
 3: 00007FF68B069986 
12: 00007FF68C0EC866 
 3: 00007FF68B069986 
 4: 00007FF68B1B4116 
 2: 00007FF68B6EFAA7 
 4: 00007FF68B181189 
13: 00007FF68C0E397B 
 4: 00007FF68C5D6F96 
 5: 00007FF68B1B2976 
 3: 00007FF68B4F04D7 
 5: 00007FF68B17E095 
14: 00007FF68C0E2DE0 
 5: 00007FF68C5D6DE0 
 6: 00007FF68B1A9F66 
 4: 00007FF68B488EFB 
 6: 00007FF68B18266B 
15: 00007FF68B66376F 
 6: 00007FF68C10D03A 
 7: 00007FF68B1AB66B 
 5: 00007FF68B46094E 
 7: 00007FF68B181B33 
16: 00007FF68B6287FD 
 7: 00007FF68C0E64C0 
 8: 00007FF68B1AA83E 
 6: 00007FF68B4F2F72 
 8: 00007FF68B18058A 
17: 00007FF68B6284F5 
 8: 00007FF68C0E33BF 
 9: 00007FF68B1BC712 
 7: 00007FF68B4F1F27 
 9: 00007FF68B188DDF 
 9: 00007FF68C0E2D0D 
10: 00007FF68B19C1E5 
18: 00007FF68BED0C5F 
 8: 00007FF68B502E52 
10: 00007FF68B17BDA6 
19: 00007FF68A9F2E0E 
11: 00007FF68B1A4DEB 
 9: 00007FF68B50297B 
10: 00007FF68B66376F 
11: 00007FF68B17B37D 
11: 00007FF68B6287FD 
12: 00007FF68B1A42EA 
10: 00007FF68C98A2AD 
20: 00007FF68B744A36 
12: 00007FF68B17AB3B 
12: 00007FF68B6284F5 
13: 00007FF68B1979E7 
11: 00007FF68B4EDFA0 
13: 00007FF68B184409 
13: 00007FF68BED0C5F 
14: 00007FF68B196BB4 
12: 00007FF68B5088BE 
21: 00007FF68C9A5A73 
14: 00007FF68B182490 
14: 00007FF68A9F2E0E 
15: 00007FF68B195EA2 
13: 00007FF68B514648 
22: 00007FFF63AF7374 
15: 00007FF68B181BAD 
15: 00007FF68B744A36 
16: 00007FF68B195B4A 
14: 00007FF68B52F854 
23: 00007FFF6463CC91 
16: 00007FF68B1815D4 
16: 00007FF68C9A5A73 
17: 00007FF68B191179 
17: 00007FFF63AF7374 
17: 00007FF68B17DACB 
15: 00007FF68B52F72C 
18: 00007FF68B66D4EF 
16: 00007FF68B516829 
18: 00007FF68B1826DA 
18: 00007FFF6463CC91 
19: 00007FF68B6702F1 
17: 00007FF68B516992 
19: 00007FF68B181B33 
20: 00007FF68B6F8F63 
18: 00007FF68B6EF8A2 
20: 00007FF68B18058A 
21: 00007FF68AAC1563 
19: 00007FF68AA7F4A0 
21: 00007FF68B18B6C4 
22: 00007FF68AABFD0E 
20: 0000025C391CF64D 
22: 00007FF68B17BD9C 
23: 000002A01FDCF64D 
23: 00007FF68B17B37D 
24: 00007FF68B18755B 
25: 00007FF68B17BAF2 
26: 00007FF68B18CD99 
27: 00007FF68B189019 
28: 00007FF68B17BDA6 
29: 00007FF68B17B37D 
30: 00007FF68B17AB3B 
31: 00007FF68B184409 
32: 00007FF68B182490 
33: 00007FF68B181BAD 
34: 00007FF68B1815D4 
35: 00007FF68B17DACB 
36: 00007FF68B1826DA 
37: 00007FF68B181B33 
38: 00007FF68B18058A 
39: 00007FF68B18C831 
40: 00007FF68B17BE11 
41: 00007FF68B17B37D 
42: 00007FF68B179AAB 
43: 00007FF68B178DE6 
44: 00007FF68B1A3948 
45: 00007FF68B197960 
46: 00007FF68B1BBEE3 
47: 00007FF68B19C354 
48: 00007FF68B1A4DEB 
49: 00007FF68B1A42EA 
50: 00007FF68B1979E7 
51: 00007FF68B196BB4 
52: 00007FF68B195EA2 
53: 00007FF68B195B4A 
54: 00007FF68B191179 
55: 00007FF68B66D4EF 
56: 00007FF68B6702F1 
57: 00007FF68B6F8F63 
58: 00007FF68AAC1563 
59: 00007FF68AABFD0E 
60: 000001EC6F44F64D 

<--- Last few GCs --->

[15216:000001BA361B0000]      621 ms: Scavenge 8.9 (11.5) -> 7.6 (11.4) MB, pooled: 0 MB, 1.78 / 0.00 ms  (average mu = 1.000, current mu = 1.000) allocation failure; 

FATAL ERROR: NewSpace::EnsureCurrentCapacity Allocation failed - JavaScript heap out of memory
----- Native stack trace -----

 1: 00007FF68AAA403F 
 2: 00007FF68B6EFAA7 
 3: 00007FF68B4F04D7 
 4: 00007FF68B4B0F73 
 5: 00007FF68B4F28DA 
 6: 00007FF68B4F1F06 
 7: 00007FF68B502E52 
 8: 00007FF68B50297B 
 9: 00007FF68C98A2AD 
10: 00007FF68B4EDFA0 
11: 00007FF68B5146C6 
12: 00007FF68B52BA6E 
13: 00007FF68B236200 
14: 00007FF68B295ACA 
15: 00007FF68B295250 
16: 00007FF68B2944FD 
17: 00007FF68B294264 
18: 00007FF68B293CF7 
19: 00007FF68B293A68 
20: 00007FF68B6A3E06 
21: 000001BA6E97753A 

<--- Last few GCs --->

[6396:000001AF36090000]      441 ms: Scavenge 8.9 (11.5) -> 7.6 (11.4) MB, pooled: 0 MB, 1.10 / 0.00 ms  (average mu = 1.000, current mu = 1.000) allocation failure; 
[6396:000001AF36090000]      478 ms: Scavenge 9.7 (12.7) -> 9.0 (17.7) MB, pooled: 0 MB, 1.27 / 0.00 ms  (average mu = 1.000, current mu = 1.000) allocation failure; 

FATAL ERROR: Zone Allocation failed - process out of memory

----- Native stack trace -----
<--- Last few GCs --->

[32892:000001DB3BB7D000]      177 ms: Scavenge 6.1 (7.8) -> 5.5 (10.6) MB, pooled: 0 MB, 0.90 / 0.00 ms  (average mu = 1.000, current mu = 1.000) allocation failure; 
 1: 00007FF68AAA403F 

 2: 00007FF68B6EFAA7 
FATAL ERROR: Zone Allocation failed - process out of memory
 3: 00007FF68B069986 
----- Native stack trace -----
 4: 00007FF68C22EB07 

 5: 00007FF68C5DA534 
 1: 00007FF68AAA403F 
 2: 00007FF68B6EFAA7 
 6: 00007FF68C5D8B8A 
 3: 00007FF68B069986 
 4: 00007FF68B6E4E33 
 7: 00007FF68C5D7121 
 5: 00007FF68B1AA1C8 
 8: 00007FF68C1D36DD 
 6: 00007FF68B1AB66B 
 9: 00007FF68C10C5C9 
 7: 00007FF68B1AA83E 
10: 00007FF68C1D3F88 
 8: 00007FF68B1BC712 
11: 00007FF68C1D3C4C 
 9: 00007FF68B19C1E5 
12: 00007FF68C1D39B8 
10: 00007FF68B1A4DEB 
13: 00007FF68C10D297 
11: 00007FF68B1A42EA 
14: 00007FF68C0E64C0 
12: 00007FF68B1979E7 
15: 00007FF68C0E33BF 
13: 00007FF68B196BB4 
16: 00007FF68C0E2D0D 
14: 00007FF68B195EA2 
17: 00007FF68B66376F 
15: 00007FF68B195B4A 
18: 00007FF68B6287FD 
16: 00007FF68B191179 
19: 00007FF68B6284F5 
17: 00007FF68B66D4EF 
20: 00007FF68BED0C5F 
18: 00007FF68B6702F1 
21: 00007FF68A9F2E0E 
19: 00007FF68B6F8F63 
22: 00007FF68B744A36 
20: 00007FF68AAC1563 
21: 00007FF68AABFD0E 
23: 00007FF68C9A5A73 
24: 00007FFF63AF7374 
22: 000001DB7414F64D 
25: 00007FFF6463CC91 

<--- Last few GCs --->

[5268:000002A977D8D000]      213 ms: Scavenge 8.9 (11.7) -> 7.6 (11.7) MB, pooled: 0 MB, 1.05 / 0.00 ms  (average mu = 1.000, current mu = 1.000) allocation failure; 
[5268:000002A977D8D000]      330 ms: Scavenge 9.7 (12.4) -> 9.0 (13.4) MB, pooled: 2 MB, 1.26 / 0.00 ms  (average mu = 1.000, current mu = 1.000) allocation failure; 

FATAL ERROR: Zone Allocation failed - process out of memory
----- Native stack trace -----

 1: 00007FF68AAA403F 
 2: 00007FF68B6EFAA7 
 3: 00007FF68B069986 
 4: 00007FF68AC2AD33 
 5: 00007FF68C0C24F0 
 6: 00007FF68C09D3FC 
 7: 00007FF68C5A053D 
 8: 00007FF68C5A1B57 
 9: 00007FF68C5900DC 
10: 00007FF68C58FEF6 
11: 00007FF68C5A29CD 
12: 00007FF68C10B878 
13: 00007FF68C0E5F0D 
14: 00007FF68C0E3099 
15: 00007FF68C0E2CFE 
16: 00007FF68B66376F 
17: 00007FF68B6287FD 
18: 00007FF68B6284F5 
19: 00007FF68BED0C5F 
20: 00007FF68A9F2E0E 
21: 00007FF68B744A36 
22: 00007FF68C9A5A73 
23: 00007FFF63AF7374 
24: 00007FFF6463CC91 

<--- Last few GCs --->

[16544:0000027F4448D000]      379 ms: Scavenge (interleaved) 9.4 (12.0) -> 7.8 (11.2) MB, pooled: 0 MB, 1.66 / 0.00 ms  (average mu = 0.627, current mu = 0.627) allocation failure; 
[16544:0000027F4448D000]      403 ms: Scavenge (interleaved) 9.6 (12.2) -> 9.1 (17.4) MB, pooled: 0 MB, 2.06 / 0.00 ms  (average mu = 0.627, current mu = 0.627) allocation failure; 

FATAL ERROR: Zone Allocation failed - process out of memory
----- Native stack trace -----

 1: 00007FF68AAA403F 
 2: 00007FF68B6EFAA7 
 3: 00007FF68B069986 
 4: 00007FF68AC2AD33 
 5: 00007FF68C0C24F0 
 6: 00007FF68C09D3FC 
 7: 00007FF68C5A053D 
 8: 00007FF68C5A1B57 
 9: 00007FF68C5900DC 
10: 00007FF68C58FEF6 
11: 00007FF68C5A29CD 
12: 00007FF68C10B878 
13: 00007FF68C0E5F0D 
14: 00007FF68C0E3099 
15: 00007FF68C0E2CFE 
16: 00007FF68B66376F 
17: 00007FF68B6287FD 
18: 00007FF68B6284F5 
19: 00007FF68BED0C5F 
20: 00007FF68A9F2E0E 
21: 00007FF68B744A36 
22: 00007FF68C9A5A73 
23: 00007FFF63AF7374 
24: 00007FFF6463CC91 
